C:\MinGW\bin\mingw32-make.exe all -f C:\Users\Yeh\Desktop\class\eda\Fp\ICCAD-ProblemB\Makefile -C /usr/bin/make --print-data-base --no-builtin-variables --no-builtin-rules --question
# GNU Make 3.82.90
# Built for i686-pc-mingw32
# Copyright (C) 1988-2012 Free Software Foundation, Inc.
# License GPLv3+: GNU GPL version 3 or later <http://gnu.org/licenses/gpl.html>
# This is free software: you are free to change and redistribute it.
# There is NO WARRANTY, to the extent permitted by law.

# Make data base, printed on Fri Aug 16 21:56:10 2024

# Variables

# default
.SHELLFLAGS := -c
# environment
NVCUDASAMPLES10_2_ROOT = C:\ProgramData\NVIDIA Corporation\CUDA Samples\v10.2
# environment
HOMEDRIVE = C:
# environment
WINDIR = C:\WINDOWS
# environment
VSCODE_NLS_CONFIG = {"userLocale":"zh-tw","osLocale":"zh-tw","resolvedLanguage":"zh-tw","defaultMessagesFile":"C:\\Users\\Yeh\\AppData\\Local\\Programs\\Microsoft VS Code\\resources\\app\\out\\nls.messages.json","languagePack":{"translationsConfigFile":"C:\\Users\\Yeh\\AppData\\Roaming\\Code\\clp\\5c8ff055e0af251fead7222b5b221e4f.zh-tw\\tcf.json","messagesFile":"C:\\Users\\Yeh\\AppData\\Roaming\\Code\\clp\\5c8ff055e0af251fead7222b5b221e4f.zh-tw\\eaa41d57266683296de7d118f574d0c2652e1fc4\\nls.messages.json","corruptMarkerFile":"C:\\Users\\Yeh\\AppData\\Roaming\\Code\\clp\\5c8ff055e0af251fead7222b5b221e4f.zh-tw\\corrupted.info"},"locale":"zh-tw","availableLanguages":{"*":"zh-tw"},"_languagePackId":"5c8ff055e0af251fead7222b5b221e4f.zh-tw","_languagePackSupport":true,"_translationsConfigFile":"C:\\Users\\Yeh\\AppData\\Roaming\\Code\\clp\\5c8ff055e0af251fead7222b5b221e4f.zh-tw\\tcf.json","_cacheRoot":"C:\\Users\\Yeh\\AppData\\Roaming\\Code\\clp\\5c8ff055e0af251fead7222b5b221e4f.zh-tw","_resolvedLanguagePackCoreLocation":"C:\\Users\\Yeh\\AppData\\Roaming\\Code\\clp\\5c8ff055e0af251fead7222b5b221e4f.zh-tw\\eaa41d57266683296de7d118f574d0c2652e1fc4","_corruptedFile":"C:\\Users\\Yeh\\AppData\\Roaming\\Code\\clp\\5c8ff055e0af251fead7222b5b221e4f.zh-tw\\corrupted.info"}
# environment
ONEDRIVE = C:\Users\Yeh\OneDrive
# environment
PATHEXT = .COM;.EXE;.BAT;.CMD;.VBS;.VBE;.JS;.JSE;.WSF;.WSH;.MSC
# environment
TMP = C:\Users\Yeh\AppData\Local\Temp
# environment
PROGRAMW6432 = C:\Program Files
# environment
PROGRAMDATA = C:\ProgramData
# environment
VSCODE_CWD = C:\Users\Yeh\Desktop\class\eda\Fp\ICCAD-ProblemB
# environment
PATH = C:\Program Files (x86)\VMware\VMware Player\bin\;C:\Program Files\NVIDIA GPU Computing Toolkit\CUDA\v10.2\bin;C:\Program Files\NVIDIA GPU Computing Toolkit\CUDA\v10.2\libnvvp;C:\Program Files\NVIDIA GPU Computing Toolkit\CUDA\v8.0\bin;C:\Program Files\NVIDIA GPU Computing Toolkit\CUDA\v8.0\libnvvp;C:\Windows\system32;C:\Windows;C:\Windows\System32\Wbem;C:\Windows\System32\WindowsPowerShell\v1.0\;C:\Windows\System32\OpenSSH\;C:\Program Files (x86)\NVIDIA Corporation\PhysX\Common;C:\Program Files\NVIDIA Corporation\NVIDIA NvDLISR;C:\Users\Yeh\.dnx\bin;C:\Program Files\Microsoft DNX\Dnvm\;C:\Program Files\Microsoft SQL Server\130\Tools\Binn\;C:\Program Files (x86)\Windows Kits\8.1\Windows Performance Toolkit\;C:\Program Files\NVIDIA Corporation\Nsight Compute 2019.5.0\;C:\_research\enviroment\opencv\build\x64\vc14\bin;C:\_research\enviroment\opencv\build\x64\vc14\lib;C:\_research\openpose-1.5.1\.build\bin;C:\_research\darknet-master\darknet-darknet_yolo_v3\darknet-darknet_yolo_v3\build\openposeDemo\x64\Release\dll;C:\WINDOWS\system32;C:\WINDOWS;C:\WINDOWS\System32\Wbem;C:\WINDOWS\System32\WindowsPowerShell\v1.0\;C:\WINDOWS\System32\OpenSSH\;C:\Program Files\Git\cmd;C:\Program Files\nodejs\;C:\Program Files (x86)\Pulse Secure\VC142.CRT\X64\;C:\Program Files (x86)\Pulse Secure\VC142.CRT\X86\;C:\Program Files (x86)\Common Files\Pulse Secure\TNC Client Plugin\;C:\Program Files (x86)\IVI Foundation\VISA\WinNT\Bin\;C:\Program Files\IVI Foundation\VISA\Win64\Bin\;C:\Program Files (x86)\IVI Foundation\VISA\WinNT\Bin;C:\MinGW\bin;C:\Users\Yeh\AppData\Local\Microsoft\WindowsApps;C:\_research\enviroment\opencv\build\x64\vc14\bin;C:\_research\enviroment\opencv\build\x64\vc14\lib;C:\Users\Yeh\Documents\sdl\SDL2-devel-2.0.22-VC\SDL2-2.0.22\lib\x86;C:\Users\Yeh\Documents\sdl\SDL2-devel-2.0.22-VC\SDL2-2.0.22\lib\x64;C:\Users\Yeh\AppData\Roaming\npm;;C:\Users\Yeh\AppData\Local\Programs\Microsoft VS Code\bin
# environment
COMMONPROGRAMW6432 = C:\Program Files\Common Files
# environment
PROCESSOR_ARCHITECTURE = x86
# environment
NVCUDASAMPLES8_0_ROOT = C:\ProgramData\NVIDIA Corporation\CUDA Samples\v8.0
# environment
VXIPNPPATH64 = C:\Program Files\IVI Foundation\VISA\
# environment
USERPROFILE = C:\Users\Yeh
# environment
ALLUSERSPROFILE = C:\ProgramData
# environment
NUMBER_OF_PROCESSORS = 12
# environment
ELECTRON_RUN_AS_NODE = 1
# default
.FEATURES := target-specific order-only second-expansion else-if shortest-stem undefine oneshell archives jobserver
# environment
NVTOOLSEXT_PATH = C:\Program Files\NVIDIA Corporation\NvToolsExt\
# environment
CHROME_CRASHPAD_PIPE_NAME = \\.\pipe\crashpad_10036_AZZKRPGLCPBMEFOH
# environment
CUDA_PATH_V10_2 = C:\Program Files\NVIDIA GPU Computing Toolkit\CUDA\v10.2
# environment
CUDA_PATH_V8_0 = C:\Program Files\NVIDIA GPU Computing Toolkit\CUDA\v8.0
# environment
COMPUTERNAME = MSI
# environment
VSCODE_CRASH_REPORTER_PROCESS_TYPE = extensionHost
# environment
PROGRAMFILES = C:\Program Files (x86)
# environment
DRIVERDATA = C:\Windows\System32\Drivers\DriverData
# environment
NVCUDASAMPLES_ROOT = C:\ProgramData\NVIDIA Corporation\CUDA Samples\v10.2
# environment
ORIGINAL_XDG_CURRENT_DESKTOP = undefined
# environment
USERNAME = Yeh
# environment
PUBLIC = C:\Users\Public
# environment
VSCODE_AMD_ENTRYPOINT = vs/workbench/api/node/extensionHostProcess
# environment
VSCODE_CODE_CACHE_PATH = C:\Users\Yeh\AppData\Roaming\Code\CachedData\eaa41d57266683296de7d118f574d0c2652e1fc4
# environment
APPLICATION_INSIGHTS_NO_DIAGNOSTIC_CHANNEL = 1
# environment
COMMONPROGRAMFILES = C:\Program Files (x86)\Common Files
# environment
LOGONSERVER = \\MSI
# environment
OPENSSL_CONF = C:\Program Files\PostgreSQL\psqlODBC\etc\openssl.cnf
# environment
ONEDRIVECONSUMER = C:\Users\Yeh\OneDrive
# environment
VSCODE_HANDLES_UNCAUGHT_ERRORS = true
# environment
USERDOMAIN = MSI
# environment
MAKE = C:\MinGW\bin\mingw32-make.exe
# default
MAKECMDGOALS := all
# environment
PROGRAMFILES(X86) = C:\Program Files (x86)
# environment
LOCALAPPDATA = C:\Users\Yeh\AppData\Local
# environment
PSMODULEPATH = C:\Program Files\WindowsPowerShell\Modules;C:\WINDOWS\system32\WindowsPowerShell\v1.0\Modules
# default
MAKE_COMMAND := C:/MinGW/bin/mingw32-make
# environment
PROCESSOR_ARCHITEW6432 = AMD64
# default
.VARIABLES := 
# environment
PROCESSOR_IDENTIFIER = Intel64 Family 6 Model 165 Stepping 2, GenuineIntel
# environment
OS = Windows_NT
# environment
VSCODE_IPC_HOOK = \\.\pipe\ffc99e49-1.92.1-main-sock
# environment
HOMEPATH = \Users\Yeh
# environment
COMMONPROGRAMFILES(X86) = C:\Program Files (x86)\Common Files
# environment
PROMPT = $P$G
# environment
SYSTEMROOT = C:\WINDOWS
# environment
VSCODE_L10N_BUNDLE_LOCATION = file:///c%3A/Users/Yeh/.vscode/extensions/ms-ceintl.vscode-language-pack-zh-hant-1.92.2024073109/translations/extensions/vscode.json-language-features.i18n.json
# environment
APPDATA = C:\Users\Yeh\AppData\Roaming
# environment
__COMPAT_LAYER = DetectorsAppHealth
# environment
VXIPNPPATH = C:\Program Files (x86)\IVI Foundation\VISA\
# environment
TEMP = C:\Users\Yeh\AppData\Local\Temp
# environment
COMSPEC = C:\WINDOWS\system32\cmd.exe
# environment
LC_ALL = C
# environment
SDLIMAGE = C:\Users\Yeh\Documents\sdl\SDL2_image-devel-2.6.0-VC\SDL2_image-2.6.0\lib\x64
# environment
CONFIGSETROOT = C:\WINDOWS\ConfigSetRoot
# environment
CUDA_PATH = C:\Program Files\NVIDIA GPU Computing Toolkit\CUDA\v10.2
# environment
SYSTEMDRIVE = C:
# environment
SESSIONNAME = Console
# environment
PROCESSOR_REVISION = a502
# environment
VS140COMNTOOLS = C:\Program Files (x86)\Microsoft Visual Studio 14.0\Common7\Tools\
# default
.RECIPEPREFIX := 
# environment
LANG = C
# environment
PROCESSOR_LEVEL = 6
# environment
VSCODE_PID = 10036
# environment
USERDOMAIN_ROAMINGPROFILE = MSI
# variable set hash-table stats:
# Load=76/1024=7%, Rehash=0, Collisions=4/79=5%

# Pattern-specific Variable Values

# No pattern-specific variable values.

# Directories


# No files, no impossibilities in 0 directories.

# Implicit Rules

# No implicit rules.

# Files

# Not a target:
all:
#  Command line target.
#  Implicit rule search has not been done.
#  Modification time never checked.
#  File has not been updated.

# files hash-table stats:
# Load=1/1024=0%, Rehash=0, Collisions=0/1=0%
# VPATH Search Paths

# No 'vpath' search paths.

# No general ('VPATH' variable) search path.

# strcache buffers: 1 (0) / strings = 3 / storage = 76 B / avg = 25 B
# current buf: size = 8174 B / used = 76 B / count = 3 / avg = 25 B

# strcache performance: lookups = 4 / hit rate = 25%
# hash-table stats:
# Load=3/8192=0%, Rehash=0, Collisions=0/4=0%
# Finished Make data base on Fri Aug 16 21:56:10 2024

 
mingw32-make: *** /usr/bin/make: No such file or directory.  Stop.

